<?xml version="1.0" encoding="UTF-8"?>
<testsuites name="logowanie" time="12.4" tests="1" failures="0" errors="0">
   <testsuite name="logowanie" tests="1" failures="0" errors="0" time="12.4" skipped="0" timestamp="2023-01-21 17:18:44" hostname="matin - DESKTOP-G60B8DF" id="Test Suites/logowanie">
      <properties>
         <property name="deviceName" value=""/>
         <property name="devicePlatform" value=""/>
         <property name="logFolder" value="C:\\Users\\matin\\Katalon Studio\\Projekt\\Reports\\20230121_171837\\logowanie\\20230121_171838"/>
         <property name="logFiles" value="C:\\Users\\matin\\Katalon Studio\\Projekt\\Reports\\20230121_171837\\logowanie\\20230121_171838\\execution0.log"/>
         <property name="attachments" value=""/>
         <property name="hostName" value="matin - DESKTOP-G60B8DF"/>
         <property name="os" value="Windows 10 64bit"/>
         <property name="katalonVersion" value="8.5.5.208"/>
         <property name="browser" value="Chrome 109.0.0.0"/>
         <property name="hostAddress" value="192.168.0.160"/>
         <property name="sessionId" value="670664847e7f9160d09ddeed33f74f40"/>
         <property name="seleniumVersion" value="3.141.59"/>
         <property name="proxyInformation" value="ProxyInformation { proxyOption=NO_PROXY, proxyServerType=HTTP, username=, password=********, proxyServerAddress=, proxyServerPort=0, executionList=&quot;&quot;, isApplyToDesiredCapabilities=true }"/>
         <property name="platform" value="Windows 10"/>
      </properties>
      <testcase name="Test Cases/wp/Logowanie_blad" time="12.251" classname="Test Cases/wp/Logowanie_blad" status="PASSED">
         <system-out><![CDATA[2023-01-21 17:18:44 - [TEST_CASE][PASSED] - Test Cases/wp/Logowanie_blad: Test Cases/wp/Logowanie_blad

2023-01-21 17:18:44 - [TEST_STEP][PASSED] - openBrowser(url): Browser is opened with url: 'wp.pl'

2023-01-21 17:18:44 - [MESSAGE][INFO] - Starting 'Chrome' driver

2023-01-21 17:18:44 - [MESSAGE][INFO] - Action delay is set to 0 milliseconds

2023-01-21 17:18:47 - [MESSAGE][PASSED] - Browser is opened with url: 'wp.pl'

2023-01-21 17:18:47 - [TEST_STEP][PASSED] - maximizeWindow(): Current window maximized

2023-01-21 17:18:47 - [MESSAGE][PASSED] - Current window maximized

2023-01-21 17:18:47 - [TEST_STEP][PASSED] - click(findTestObject("Object Repository/morele_main/cookie")): Object: 'Object Repository/morele_main/cookie' is clicked on

2023-01-21 17:18:47 - [MESSAGE][PASSED] - Object: 'Object Repository/morele_main/cookie' is clicked on

2023-01-21 17:18:47 - [TEST_STEP][PASSED] - click(findTestObject("Object Repository/morele_main/login")): Object: 'Object Repository/morele_main/login' is clicked on

2023-01-21 17:18:52 - [MESSAGE][PASSED] - Object: 'Object Repository/morele_main/login' is clicked on

2023-01-21 17:18:52 - [TEST_STEP][PASSED] - setText(findTestObject("Object Repository/logowanie/input_mail"), mail): Text 'qwerty@gmail.com' is set on object 'Object Repository/logowanie/input_mail'

2023-01-21 17:18:53 - [MESSAGE][PASSED] - Text 'qwerty@gmail.com' is set on object 'Object Repository/logowanie/input_mail'

2023-01-21 17:18:53 - [TEST_STEP][PASSED] - setText(findTestObject("Object Repository/logowanie/input_pass"), haslo): Text 'qwertyfg123' is set on object 'Object Repository/logowanie/input_pass'

2023-01-21 17:18:54 - [MESSAGE][PASSED] - Text 'qwertyfg123' is set on object 'Object Repository/logowanie/input_pass'

2023-01-21 17:18:54 - [TEST_STEP][PASSED] - click(findTestObject("Object Repository/logowanie/login_button")): Object: 'Object Repository/logowanie/login_button' is clicked on

2023-01-21 17:18:55 - [MESSAGE][PASSED] - Object: 'Object Repository/logowanie/login_button' is clicked on

2023-01-21 17:18:55 - [TEST_STEP][PASSED] - el_error_msg = getText(findTestObject("Object Repository/logowanie/login_error")): Text of object 'Object Repository/logowanie/login_error' is: 'Nieprawidłowy adres e‑mail lub hasło'

2023-01-21 17:18:55 - [MESSAGE][PASSED] - Text of object 'Object Repository/logowanie/login_error' is: 'Nieprawidłowy adres e‑mail lub hasło'

2023-01-21 17:18:55 - [TEST_STEP][PASSED] - assert login_error == el_error_msg: null

2023-01-21 17:18:55 - [TEST_STEP][PASSED] - closeBrowser(): Browser is closed

2023-01-21 17:18:56 - [MESSAGE][PASSED] - Browser is closed]]></system-out>
         <system-err><![CDATA[]]></system-err>
      </testcase>
      <system-out><![CDATA[2023-01-21 17:18:44 - [TEST_SUITE][PASSED] - logowanie: Test Cases/wp/Logowanie_blad]]></system-out>
      <system-err><![CDATA[]]></system-err>
   </testsuite>
</testsuites>
